<?xml version="1.0" encoding="UTF-8"?>
<!-- Generated by org.testng.reporters.JUnitXMLReporter -->
<testsuite ignored="2" hostname="Shriprasad" failures="0" tests="1" name="Default test(failed)" time="10.314" errors="0" timestamp="2024-07-15T18:24:29 IST">
  <testcase classname="testCases.Login_Page_test1" name="currentURLTest" time="1.824"/>
  <testcase classname="testCases.Login_Page_test1" name="titleofswaglabsTest" time="0.0">
    <ignored/>
  </testcase> <!-- titleofswaglabsTest -->
  <testcase classname="testCases.Login_Page_test1" name="logintoapplicationTest" time="0.0">
    <ignored/>
  </testcase> <!-- logintoapplicationTest -->
</testsuite> <!-- Default test(failed) -->
