<?xml version="1.0" encoding="UTF-8"?>
<!-- Generated by org.testng.reporters.JUnitXMLReporter -->
<testsuite ignored="2" hostname="Shriprasad" failures="0" tests="1" name="Default test" time="37.92" errors="0" timestamp="2024-07-22T20:46:55 IST">
  <testcase classname="testCases.Login_Page_test1" name="logintoapplicationTest" time="1.023"/>
  <testcase classname="testCases.Login_Page_test1" name="currentURLTest" time="0.0">
    <ignored/>
  </testcase> <!-- currentURLTest -->
  <testcase classname="testCases.Login_Page_test1" name="titleofswaglabsTest" time="0.0">
    <ignored/>
  </testcase> <!-- titleofswaglabsTest -->
</testsuite> <!-- Default test -->
