<?xml version="1.0" encoding="UTF-8"?>
<!-- Generated by org.testng.reporters.JUnitXMLReporter -->
<testsuite ignored="0" hostname="Shriprasad" failures="0" tests="27" name="Test" time="242.411" errors="0" timestamp="2024-07-17T12:16:51 IST">
  <testcase classname="testCases.Complete_Page_test6" name="verifyBackHomebtnTest" time="0.155"/>
  <testcase classname="testCases.Complete_Page_test6" name="verifyThankyouMessageTest" time="0.052"/>
  <testcase classname="testCases.Complete_Page_test6" name="verifyYourOrderMessageTest" time="0.031"/>
  <testcase classname="testCases.Complete_Page_test6" name="verifycheckoutCompleteLableTest" time="0.041"/>
  <testcase classname="testCases.Cart_Page_test3" name="ContinueShoppingTest" time="0.67"/>
  <testcase classname="testCases.Cart_Page_test3" name="DescriptionLableTest" time="0.059"/>
  <testcase classname="testCases.Cart_Page_test3" name="QTYLabelTest" time="0.057"/>
  <testcase classname="testCases.Cart_Page_test3" name="YourCartLabelTest" time="0.052"/>
  <testcase classname="testCases.Cart_Page_test3" name="checkoutTest" time="0.082"/>
  <testcase classname="testCases.Inventory_Page_test2" name="BtnMenuTest" time="0.026"/>
  <testcase classname="testCases.Inventory_Page_test2" name="CartPageTest" time="0.126"/>
  <testcase classname="testCases.Inventory_Page_test2" name="FooterTest" time="0.085"/>
  <testcase classname="testCases.Inventory_Page_test2" name="add6ProductsTest" time="0.555"/>
  <testcase classname="testCases.Inventory_Page_test2" name="fblogoTest" time="0.069"/>
  <testcase classname="testCases.Inventory_Page_test2" name="linkedinTest" time="0.036"/>
  <testcase classname="testCases.Inventory_Page_test2" name="productlableTest" time="0.052"/>
  <testcase classname="testCases.Inventory_Page_test2" name="remove2itemsTest" time="3.855"/>
  <testcase classname="testCases.Inventory_Page_test2" name="twitterTest" time="0.041"/>
  <testcase classname="testCases.CheckOut1_Page_test4" name="CancelTest" time="0.122"/>
  <testcase classname="testCases.CheckOut1_Page_test4" name="EnterCustDetailsTest" time="0.404"/>
  <testcase classname="testCases.CheckOut1_Page_test4" name="checkoutTextTest" time="0.023"/>
  <testcase classname="testCases.CheckOut1_Page_test4" name="currentURLTest" time="0.009"/>
  <testcase classname="testCases.CheckOut2_Page_test5" name="TitleOfApplicationTest" time="0.048"/>
  <testcase classname="testCases.CheckOut2_Page_test5" name="clickOnFinishBtnTest" time="0.057"/>
  <testcase classname="testCases.Login_Page_test1" name="currentURLTest" time="0.038"/>
  <testcase classname="testCases.Login_Page_test1" name="logintoapplicationTest" time="0.435"/>
  <testcase classname="testCases.Login_Page_test1" name="titleofswaglabsTest" time="0.047"/>
</testsuite> <!-- Test -->
