<?xml version="1.0" encoding="UTF-8"?>
<testng-results ignored="2" total="3" passed="1" failed="0" skipped="0">
  <reporter-output>
    <line>
      <![CDATA[URL after Login to App =https://www.saucedemo.com/inventory.html]]>
    </line>
  </reporter-output>
  <suite started-at="2024-07-22T20:46:17 IST" name="Default suite" finished-at="2024-07-22T20:46:55 IST" duration-ms="37920">
    <groups>
      <group name="Sanity">
        <method signature="Login_Page_test1.logintoapplicationTest()[pri:1, instance:testCases.Login_Page_test1@4416d64f]" name="logintoapplicationTest" class="testCases.Login_Page_test1"/>
      </group> <!-- Sanity -->
    </groups>
    <test started-at="2024-07-22T20:46:17 IST" name="Default test" finished-at="2024-07-22T20:46:55 IST" duration-ms="37920">
      <class name="testCases.Login_Page_test1">
        <test-method is-config="true" signature="setup()[pri:0, instance:testCases.Login_Page_test1@4416d64f]" started-at="2024-07-22T20:46:17 IST" name="setup" finished-at="2024-07-22T20:46:53 IST" duration-ms="36467" status="PASS">
          <reporter-output>
          </reporter-output>
        </test-method> <!-- setup -->
        <test-method signature="logintoapplicationTest()[pri:1, instance:testCases.Login_Page_test1@4416d64f]" started-at="2024-07-22T20:46:53 IST" name="logintoapplicationTest" finished-at="2024-07-22T20:46:54 IST" duration-ms="1023" status="PASS">
          <reporter-output>
            <line>
              <![CDATA[URL after Login to App =https://www.saucedemo.com/inventory.html]]>
            </line>
          </reporter-output>
        </test-method> <!-- logintoapplicationTest -->
        <test-method is-config="true" signature="closebrowser(org.testng.ITestResult)[pri:0, instance:testCases.Login_Page_test1@4416d64f]" started-at="2024-07-22T20:46:54 IST" name="closebrowser" finished-at="2024-07-22T20:46:55 IST" duration-ms="371" status="PASS">
          <params>
            <param index="0">
              <value>
                <![CDATA[[TestResult name=logintoapplicationTest status=SUCCESS method=Login_Page_test1.logintoapplicationTest()[pri:1, instance:testCases.Login_Page_test1@4416d64f] output=URL after Login to App =https://www.saucedemo.com/inventory.html]]]>
              </value>
            </param>
          </params>
          <reporter-output>
          </reporter-output>
        </test-method> <!-- closebrowser -->
      </class> <!-- testCases.Login_Page_test1 -->
    </test> <!-- Default test -->
  </suite> <!-- Default suite -->
</testng-results>
