<?xml version="1.0" encoding="UTF-8"?>
<!-- Generated by org.testng.reporters.JUnitXMLReporter -->
<testsuite ignored="12" hostname="Shriprasad" failures="0" tests="2" name="Test(failed)" time="22.167" errors="0" timestamp="2024-07-15T18:34:48 IST">
  <testcase classname="testCases.Inventory_Page_test2" name="CartPageTest" time="1.835"/>
  <testcase classname="testCases.Cart_Page_test3" name="DescriptionLableTest" time="0.065"/>
  <testcase classname="testCases.Inventory_Page_test2" name="linkedinTest" time="0.0">
    <ignored/>
  </testcase> <!-- linkedinTest -->
  <testcase classname="testCases.Inventory_Page_test2" name="FooterTest" time="0.0">
    <ignored/>
  </testcase> <!-- FooterTest -->
  <testcase classname="testCases.Inventory_Page_test2" name="remove2itemsTest" time="0.0">
    <ignored/>
  </testcase> <!-- remove2itemsTest -->
  <testcase classname="testCases.Cart_Page_test3" name="QTYLabelTest" time="0.0">
    <ignored/>
  </testcase> <!-- QTYLabelTest -->
  <testcase classname="testCases.Inventory_Page_test2" name="productlableTest" time="0.0">
    <ignored/>
  </testcase> <!-- productlableTest -->
  <testcase classname="testCases.Cart_Page_test3" name="YourCartLabelTest" time="0.0">
    <ignored/>
  </testcase> <!-- YourCartLabelTest -->
  <testcase classname="testCases.Cart_Page_test3" name="ContinueShoppingTest" time="0.0">
    <ignored/>
  </testcase> <!-- ContinueShoppingTest -->
  <testcase classname="testCases.Inventory_Page_test2" name="BtnMenuTest" time="0.0">
    <ignored/>
  </testcase> <!-- BtnMenuTest -->
  <testcase classname="testCases.Inventory_Page_test2" name="add6ProductsTest" time="0.0">
    <ignored/>
  </testcase> <!-- add6ProductsTest -->
  <testcase classname="testCases.Inventory_Page_test2" name="twitterTest" time="0.0">
    <ignored/>
  </testcase> <!-- twitterTest -->
  <testcase classname="testCases.Inventory_Page_test2" name="fblogoTest" time="0.0">
    <ignored/>
  </testcase> <!-- fblogoTest -->
  <testcase classname="testCases.Cart_Page_test3" name="checkoutTest" time="0.0">
    <ignored/>
  </testcase> <!-- checkoutTest -->
</testsuite> <!-- Test(failed) -->
