<?xml version="1.0" encoding="UTF-8"?>
<!-- Generated by org.testng.reporters.JUnitXMLReporter -->
<testsuite ignored="0" hostname="Shriprasad" failures="2" tests="17" name="Test" time="157.872" errors="0" timestamp="2024-07-15T18:33:13 IST">
  <testcase classname="testCases.Cart_Page_test3" name="ContinueShoppingTest" time="2.084"/>
  <testcase classname="testCases.Cart_Page_test3" name="DescriptionLableTest" time="0.038">
    <failure type="java.lang.NullPointerException" message="Cannot invoke &amp;quot;org.apache.poi.ss.usermodel.Cell.getStringCellValue()&amp;quot; because the return value of &amp;quot;org.apache.poi.ss.usermodel.Row.getCell(int)&amp;quot; is null">
      <![CDATA[java.lang.NullPointerException: Cannot invoke "org.apache.poi.ss.usermodel.Cell.getStringCellValue()" because the return value of "org.apache.poi.ss.usermodel.Row.getCell(int)" is null
at utility.ReadData.readExcelFile(ReadData.java:24)
at testCases.Cart_Page_test3.DescriptionLableTest(Cart_Page_test3.java:64)
at java.base/java.util.ArrayList.forEach(ArrayList.java:1511)
... Removed 27 stack frames]]>
    </failure>
  </testcase> <!-- DescriptionLableTest -->
  <testcase classname="testCases.Cart_Page_test3" name="QTYLabelTest" time="0.054"/>
  <testcase classname="testCases.Cart_Page_test3" name="YourCartLabelTest" time="0.058"/>
  <testcase classname="testCases.Cart_Page_test3" name="checkoutTest" time="0.165"/>
  <testcase classname="testCases.Inventory_Page_test2" name="BtnMenuTest" time="0.031"/>
  <testcase classname="testCases.Inventory_Page_test2" name="CartPageTest" time="0.022">
    <failure type="java.lang.NullPointerException" message="Cannot invoke &amp;quot;org.apache.poi.ss.usermodel.Cell.getStringCellValue()&amp;quot; because the return value of &amp;quot;org.apache.poi.ss.usermodel.Row.getCell(int)&amp;quot; is null">
      <![CDATA[java.lang.NullPointerException: Cannot invoke "org.apache.poi.ss.usermodel.Cell.getStringCellValue()" because the return value of "org.apache.poi.ss.usermodel.Row.getCell(int)" is null
at utility.ReadData.readExcelFile(ReadData.java:24)
at testCases.Inventory_Page_test2.CartPageTest(Inventory_Page_test2.java:105)
at java.base/java.util.ArrayList.forEach(ArrayList.java:1511)
... Removed 27 stack frames]]>
    </failure>
  </testcase> <!-- CartPageTest -->
  <testcase classname="testCases.Inventory_Page_test2" name="FooterTest" time="0.062"/>
  <testcase classname="testCases.Inventory_Page_test2" name="add6ProductsTest" time="0.803"/>
  <testcase classname="testCases.Inventory_Page_test2" name="fblogoTest" time="0.042"/>
  <testcase classname="testCases.Inventory_Page_test2" name="linkedinTest" time="0.039"/>
  <testcase classname="testCases.Inventory_Page_test2" name="productlableTest" time="0.079"/>
  <testcase classname="testCases.Inventory_Page_test2" name="remove2itemsTest" time="4.057"/>
  <testcase classname="testCases.Inventory_Page_test2" name="twitterTest" time="0.051"/>
  <testcase classname="testCases.Login_Page_test1" name="currentURLTest" time="0.029"/>
  <testcase classname="testCases.Login_Page_test1" name="logintoapplicationTest" time="0.431"/>
  <testcase classname="testCases.Login_Page_test1" name="titleofswaglabsTest" time="0.07"/>
</testsuite> <!-- Test -->
