<?xml version="1.0" encoding="UTF-8"?>
<!-- Generated by org.testng.reporters.JUnitReportReporter -->
<testsuite hostname="Shriprasad" failures="0" tests="2" name="testCases.CheckOut2_Page_test5" time="15.286" errors="0" timestamp="2024-07-17T12:16:51 IST" skipped="0">
  <testcase classname="testCases.CheckOut2_Page_test5" name="clickOnFinishBtnTest" time="7.693">
    <system-out>
      <![CDATA[finishBtn of check out page 2 https://www.saucedemo.com/checkout-complete.html]]>
    </system-out>
  </testcase> <!-- clickOnFinishBtnTest -->
  <testcase classname="testCases.CheckOut2_Page_test5" name="TitleOfApplicationTest" time="7.593"/>
  <system-out>
    <![CDATA[Url of Page https://www.saucedemo.com/inventory.html
Text Message Thank You Thank you for your order!
Text Message You Order Your order has been dispatched, and will arrive just as fast as the pony can get there!
Complete Level Page Lable Checkout: Complete!
current url after clicking continue shoppinghttps://www.saucedemo.com/inventory.html
Lable of Description is = Description
Lable of QTY is = QTY
Lable of Your Cart is = span
current url after clicking checkout https://www.saucedemo.com/checkout-step-one.html
Url of Current Pagehttps://www.saucedemo.com/cart.html
Footer of inventory page = © 2024 Sauce Labs. All Rights Reserved. Terms of Service | Privacy Policy
Total products added to cart = 6
Lable of inventory page = Products
Total products after removed to cart = 4
Clickon cancelbtn of checkout page1 https://www.saucedemo.com/cart.html
After entering customers details URL is  https://www.saucedemo.com/checkout-step-two.html
Actual Text of Checkout is  span
Actual Current URL of Checkout1 is  https://www.saucedemo.com/checkout-step-one.html
finishBtn of check out page 2 https://www.saucedemo.com/checkout-complete.html
Current URL of page = https://www.saucedemo.com/
URL after Login to App =https://www.saucedemo.com/inventory.html
Title of Page =Swag Labs]]>
  </system-out>
</testsuite> <!-- testCases.CheckOut2_Page_test5 -->
